<?xml version="1.0" encoding="UTF-8"?>
<!-- Generated by org.testng.reporters.JUnitReportReporter -->
<testsuite hostname="DESKTOP-RG6HM4D" failures="0" tests="3" name="org.example.Test1" time="0.001" errors="0" timestamp="2023-03-31T09:09:02 IST" skipped="0">
  <testcase classname="org.example.Test1" name="fun3" time="0.000"/>
  <system-out/>
  <testcase classname="org.example.Test1" name="fun1" time="0.000"/>
  <system-out/>
  <testcase classname="org.example.Test1" name="fun2" time="0.001"/>
  <system-out/>
</testsuite> <!-- org.example.Test1 -->
