<?xml version="1.0" encoding="UTF-8"?>
<!-- Generated by org.testng.reporters.JUnitReportReporter -->
<testsuite hostname="DESKTOP-RG6HM4D" failures="0" tests="3" name="org.example.Test2" time="0.003" errors="0" timestamp="2023-03-31T09:09:02 IST" skipped="0">
  <testcase classname="org.example.Test2" name="fun4" time="0.001"/>
  <system-out/>
  <testcase classname="org.example.Test2" name="fun5" time="0.001"/>
  <system-out/>
  <testcase classname="org.example.Test2" name="fun6" time="0.001"/>
  <system-out/>
</testsuite> <!-- org.example.Test2 -->
